C:\Users\Dan\Documents\VR\Kinetica_2\Debug\cl.command.1.tlog
C:\Users\Dan\Documents\VR\Kinetica_2\Debug\CL.read.1.tlog
C:\Users\Dan\Documents\VR\Kinetica_2\Debug\CL.write.1.tlog
C:\USERS\DAN\DOCUMENTS\VR\KINETICA_2\DEBUG\KINETICA.EXE
C:\USERS\DAN\DOCUMENTS\VR\KINETICA_2\DEBUG\KINETICA.EXE.EMBED.MANIFEST
C:\USERS\DAN\DOCUMENTS\VR\KINETICA_2\DEBUG\KINETICA.EXE.EMBED.MANIFEST.RES
C:\USERS\DAN\DOCUMENTS\VR\KINETICA_2\DEBUG\KINETICA.EXE.INTERMEDIATE.MANIFEST
C:\USERS\DAN\DOCUMENTS\VR\KINETICA_2\DEBUG\KINETICA.ILK
C:\USERS\DAN\DOCUMENTS\VR\KINETICA_2\DEBUG\KINETICA.PDB
C:\Users\Dan\Documents\VR\Kinetica_2\Debug\Kinetica_manifest.rc
C:\Users\Dan\Documents\VR\Kinetica_2\Debug\link.1816.read.1.tlog
C:\Users\Dan\Documents\VR\Kinetica_2\Debug\link.1816.write.1.tlog
C:\Users\Dan\Documents\VR\Kinetica_2\Debug\link.1816-cvtres.read.1.tlog
C:\Users\Dan\Documents\VR\Kinetica_2\Debug\link.1816-cvtres.write.1.tlog
C:\Users\Dan\Documents\VR\Kinetica_2\Debug\link.3668.read.1.tlog
C:\Users\Dan\Documents\VR\Kinetica_2\Debug\link.3668.write.1.tlog
C:\Users\Dan\Documents\VR\Kinetica_2\Debug\link.3668-cvtres.read.1.tlog
C:\Users\Dan\Documents\VR\Kinetica_2\Debug\link.3668-cvtres.write.1.tlog
C:\Users\Dan\Documents\VR\Kinetica_2\Debug\link.4048.read.1.tlog
C:\Users\Dan\Documents\VR\Kinetica_2\Debug\link.4048.write.1.tlog
C:\Users\Dan\Documents\VR\Kinetica_2\Debug\link.4048-cvtres.read.1.tlog
C:\Users\Dan\Documents\VR\Kinetica_2\Debug\link.4048-cvtres.write.1.tlog
C:\Users\Dan\Documents\VR\Kinetica_2\Debug\link.command.1.tlog
C:\Users\Dan\Documents\VR\Kinetica_2\Debug\link.read.1.tlog
C:\Users\Dan\Documents\VR\Kinetica_2\Debug\link.write.1.tlog
C:\Users\Dan\Documents\VR\Kinetica_2\Debug\link-cvtres.read.1.tlog
C:\Users\Dan\Documents\VR\Kinetica_2\Debug\link-cvtres.write.1.tlog
C:\USERS\DAN\DOCUMENTS\VR\KINETICA_2\DEBUG\MAIN.OBJ
C:\Users\Dan\Documents\VR\Kinetica_2\Debug\mt.command.1.tlog
C:\Users\Dan\Documents\VR\Kinetica_2\Debug\mt.read.1.tlog
C:\Users\Dan\Documents\VR\Kinetica_2\Debug\mt.write.1.tlog
C:\Users\Dan\Documents\VR\Kinetica_2\Debug\rc.command.1.tlog
C:\Users\Dan\Documents\VR\Kinetica_2\Debug\rc.read.1.tlog
C:\Users\Dan\Documents\VR\Kinetica_2\Debug\rc.write.1.tlog
C:\Users\Dan\Documents\VR\Kinetica_2\Debug\vc110.idb
C:\USERS\DAN\DOCUMENTS\VR\KINETICA_2\DEBUG\VC110.PDB
