Build started 7/16/2011 10:20:09 PM.
     1>Project "C:\Users\Alejandro\Desktop\Kinetician\TheKineticianEngin.vcxproj" on node 2 (build target(s)).
     1>InitializeBuildStatus:
         Creating "Debug\Kinetician.unsuccessfulbuild" because "AlwaysCreate" was specified.
       ClCompile:
         c:\Program Files (x86)\Microsoft Visual Studio 10.0\VC\bin\CL.exe /c /ZI /nologo /W3 /WX- /Od /Oy- /D WIN /D _DEBUG /D _WINDOWS /D _UNICODE /D UNICODE /Gm /EHsc /RTC1 /MDd /GS /fp:precise /Zc:wchar_t /Zc:forScope /Fo"Debug\\" /Fd"Debug\vc100.pdb" /Gd /TP /analyze- /errorReport:prompt source\main.cpp
         main.cpp
     1>c:\users\alejandro\desktop\kinetician\source\generic\loadobj.h(37): warning C4996: 'strtok': This function or variable may be unsafe. Consider using strtok_s instead. To disable deprecation, use _CRT_SECURE_NO_WARNINGS. See online help for details.
                 c:\program files (x86)\microsoft visual studio 10.0\vc\include\string.h(197) : see declaration of 'strtok'
     1>c:\users\alejandro\desktop\kinetician\source\generic\loadobj.h(38): warning C4996: 'strtok': This function or variable may be unsafe. Consider using strtok_s instead. To disable deprecation, use _CRT_SECURE_NO_WARNINGS. See online help for details.
                 c:\program files (x86)\microsoft visual studio 10.0\vc\include\string.h(197) : see declaration of 'strtok'
     1>c:\users\alejandro\desktop\kinetician\source\generic\loadobj.h(39): warning C4996: 'strtok': This function or variable may be unsafe. Consider using strtok_s instead. To disable deprecation, use _CRT_SECURE_NO_WARNINGS. See online help for details.
                 c:\program files (x86)\microsoft visual studio 10.0\vc\include\string.h(197) : see declaration of 'strtok'
     1>c:\users\alejandro\desktop\kinetician\source\generic\loadobj.h(41): warning C4996: 'strtok': This function or variable may be unsafe. Consider using strtok_s instead. To disable deprecation, use _CRT_SECURE_NO_WARNINGS. See online help for details.
                 c:\program files (x86)\microsoft visual studio 10.0\vc\include\string.h(197) : see declaration of 'strtok'
     1>c:\users\alejandro\desktop\kinetician\source\generic\loadobj.h(42): warning C4996: 'strtok': This function or variable may be unsafe. Consider using strtok_s instead. To disable deprecation, use _CRT_SECURE_NO_WARNINGS. See online help for details.
                 c:\program files (x86)\microsoft visual studio 10.0\vc\include\string.h(197) : see declaration of 'strtok'
     1>c:\users\alejandro\desktop\kinetician\source\generic\loadobj.h(43): warning C4996: 'strtok': This function or variable may be unsafe. Consider using strtok_s instead. To disable deprecation, use _CRT_SECURE_NO_WARNINGS. See online help for details.
                 c:\program files (x86)\microsoft visual studio 10.0\vc\include\string.h(197) : see declaration of 'strtok'
     1>c:\users\alejandro\desktop\kinetician\source\generic\loadobj.h(45): warning C4996: 'strtok': This function or variable may be unsafe. Consider using strtok_s instead. To disable deprecation, use _CRT_SECURE_NO_WARNINGS. See online help for details.
                 c:\program files (x86)\microsoft visual studio 10.0\vc\include\string.h(197) : see declaration of 'strtok'
     1>c:\users\alejandro\desktop\kinetician\source\generic\loadobj.h(46): warning C4996: 'strtok': This function or variable may be unsafe. Consider using strtok_s instead. To disable deprecation, use _CRT_SECURE_NO_WARNINGS. See online help for details.
                 c:\program files (x86)\microsoft visual studio 10.0\vc\include\string.h(197) : see declaration of 'strtok'
     1>c:\users\alejandro\desktop\kinetician\source\generic\loadobj.h(47): warning C4996: 'strtok': This function or variable may be unsafe. Consider using strtok_s instead. To disable deprecation, use _CRT_SECURE_NO_WARNINGS. See online help for details.
                 c:\program files (x86)\microsoft visual studio 10.0\vc\include\string.h(197) : see declaration of 'strtok'
     1>c:\users\alejandro\desktop\kinetician\source\generic\lodepng.h(6659): warning C4996: 'fopen': This function or variable may be unsafe. Consider using fopen_s instead. To disable deprecation, use _CRT_SECURE_NO_WARNINGS. See online help for details.
                 c:\program files (x86)\microsoft visual studio 10.0\vc\include\stdio.h(234) : see declaration of 'fopen'
     1>c:\users\alejandro\desktop\kinetician\source\generic\lodepng.h(6681): warning C4996: 'fopen': This function or variable may be unsafe. Consider using fopen_s instead. To disable deprecation, use _CRT_SECURE_NO_WARNINGS. See online help for details.
                 c:\program files (x86)\microsoft visual studio 10.0\vc\include\stdio.h(234) : see declaration of 'fopen'
     1>c:\users\alejandro\desktop\kinetician\source\generic\dashboard\dashtime.h(37): warning C4996: 'localtime': This function or variable may be unsafe. Consider using localtime_s instead. To disable deprecation, use _CRT_SECURE_NO_WARNINGS. See online help for details.
                 c:\program files (x86)\microsoft visual studio 10.0\vc\include\time.inl(112) : see declaration of 'localtime'
     1>c:\users\alejandro\desktop\kinetician\source\projectspecific\saveandload.h(8): warning C4996: 'fopen': This function or variable may be unsafe. Consider using fopen_s instead. To disable deprecation, use _CRT_SECURE_NO_WARNINGS. See online help for details.
                 c:\program files (x86)\microsoft visual studio 10.0\vc\include\stdio.h(234) : see declaration of 'fopen'
     1>c:\users\alejandro\desktop\kinetician\source\projectspecific\saveandload.h(64): warning C4996: 'fopen': This function or variable may be unsafe. Consider using fopen_s instead. To disable deprecation, use _CRT_SECURE_NO_WARNINGS. See online help for details.
                 c:\program files (x86)\microsoft visual studio 10.0\vc\include\stdio.h(234) : see declaration of 'fopen'
     1>c:\users\alejandro\desktop\kinetician\source\projectspecific\saveandload.h(133): warning C4996: 'fopen': This function or variable may be unsafe. Consider using fopen_s instead. To disable deprecation, use _CRT_SECURE_NO_WARNINGS. See online help for details.
                 c:\program files (x86)\microsoft visual studio 10.0\vc\include\stdio.h(234) : see declaration of 'fopen'
     1>c:\users\alejandro\desktop\kinetician\source\projectspecific\saveandload.h(159): warning C4996: 'fopen': This function or variable may be unsafe. Consider using fopen_s instead. To disable deprecation, use _CRT_SECURE_NO_WARNINGS. See online help for details.
                 c:\program files (x86)\microsoft visual studio 10.0\vc\include\stdio.h(234) : see declaration of 'fopen'
       ManifestResourceCompile:
         C:\Program Files (x86)\Microsoft SDKs\Windows\v7.0A\bin\rc.exe /nologo /fo"Debug\Kinetician.exe.embed.manifest.res" Debug\Kinetician_manifest.rc 
       Link:
         c:\Program Files (x86)\Microsoft Visual Studio 10.0\VC\bin\link.exe /ERRORREPORT:PROMPT /OUT:"C:\Users\Alejandro\Desktop\Kinetician\Debug\Kinetician.exe" /INCREMENTAL /NOLOGO /LIBPATH:C:\Users\Alejandro\Desktop\Kinetician\source\lib SDL.lib SDLmain.lib SDL_image.lib SDL_mixer.lib opengl32.lib glu32.lib kernel32.lib user32.lib gdi32.lib winspool.lib comdlg32.lib advapi32.lib shell32.lib ole32.lib oleaut32.lib uuid.lib odbc32.lib odbccp32.lib kernel32.lib user32.lib gdi32.lib winspool.lib comdlg32.lib advapi32.lib shell32.lib ole32.lib oleaut32.lib uuid.lib odbc32.lib odbccp32.lib /MANIFEST /ManifestFile:"Debug\Kinetician.exe.intermediate.manifest" /MANIFESTUAC:"level='asInvoker' uiAccess='false'" /DEBUG /PDB:"C:\Users\Alejandro\Desktop\Kinetician\Debug\Kinetician.pdb" /SUBSYSTEM:WINDOWS /TLBID:1 /DYNAMICBASE /NXCOMPAT /IMPLIB:"C:\Users\Alejandro\Desktop\Kinetician\Debug\Kinetician.lib" /MACHINE:X86 Debug\Kinetician.exe.embed.manifest.res
         Debug\main.obj
     1>MSVCRTD.lib(cinitexe.obj) : warning LNK4098: defaultlib 'msvcrt.lib' conflicts with use of other libs; use /NODEFAULTLIB:library
       Manifest:
         C:\Program Files (x86)\Microsoft SDKs\Windows\v7.0A\bin\mt.exe /nologo /verbose /out:"Debug\Kinetician.exe.embed.manifest" /manifest Debug\Kinetician.exe.intermediate.manifest
         C:\Program Files (x86)\Microsoft SDKs\Windows\v7.0A\bin\rc.exe /nologo /fo"Debug\Kinetician.exe.embed.manifest.res" Debug\Kinetician_manifest.rc 
       LinkEmbedManifest:
         c:\Program Files (x86)\Microsoft Visual Studio 10.0\VC\bin\link.exe /ERRORREPORT:PROMPT /OUT:"C:\Users\Alejandro\Desktop\Kinetician\Debug\Kinetician.exe" /INCREMENTAL /NOLOGO /LIBPATH:C:\Users\Alejandro\Desktop\Kinetician\source\lib SDL.lib SDLmain.lib SDL_image.lib SDL_mixer.lib opengl32.lib glu32.lib kernel32.lib user32.lib gdi32.lib winspool.lib comdlg32.lib advapi32.lib shell32.lib ole32.lib oleaut32.lib uuid.lib odbc32.lib odbccp32.lib kernel32.lib user32.lib gdi32.lib winspool.lib comdlg32.lib advapi32.lib shell32.lib ole32.lib oleaut32.lib uuid.lib odbc32.lib odbccp32.lib /MANIFEST /ManifestFile:"Debug\Kinetician.exe.intermediate.manifest" /MANIFESTUAC:"level='asInvoker' uiAccess='false'" /DEBUG /PDB:"C:\Users\Alejandro\Desktop\Kinetician\Debug\Kinetician.pdb" /SUBSYSTEM:WINDOWS /TLBID:1 /DYNAMICBASE /NXCOMPAT /IMPLIB:"C:\Users\Alejandro\Desktop\Kinetician\Debug\Kinetician.lib" /MACHINE:X86 Debug\Kinetician.exe.embed.manifest.res
         Debug\main.obj
     1>MSVCRTD.lib(cinitexe.obj) : warning LNK4098: defaultlib 'msvcrt.lib' conflicts with use of other libs; use /NODEFAULTLIB:library
         TheKineticianEngin.vcxproj -> C:\Users\Alejandro\Desktop\Kinetician\Debug\Kinetician.exe
       FinalizeBuildStatus:
         Deleting file "Debug\Kinetician.unsuccessfulbuild".
         Touching "Debug\Kinetician.lastbuildstate".
     1>Done Building Project "C:\Users\Alejandro\Desktop\Kinetician\TheKineticianEngin.vcxproj" (build target(s)).

Build succeeded.

Time Elapsed 00:00:05.16
