C:\USERS\AHMAD\DESKTOP\DESKTOP\20-6-2012\KINETICA\RELEASE\KINETICA.EXE
C:\USERS\AHMAD\DESKTOP\DESKTOP\20-6-2012\KINETICA\RELEASE\KINETICA.EXE.INTERMEDIATE.MANIFEST
C:\USERS\AHMAD\DESKTOP\DESKTOP\20-6-2012\KINETICA\RELEASE\KINETICA.PDB
C:\USERS\AHMAD\DESKTOP\DESKTOP\20-6-2012\KINETICA\RELEASE\MAIN.OBJ
C:\USERS\AHMAD\DESKTOP\DESKTOP\20-6-2012\KINETICA\RELEASE\VC100.PDB
C:\USERS\AHMAD\DESKTOP\DESKTOP\3-15-12\KINETICA\RELEASE\KINETICA.EXE
C:\USERS\AHMAD\DESKTOP\DESKTOP\3-15-12\KINETICA\RELEASE\KINETICA.EXE.INTERMEDIATE.MANIFEST
C:\USERS\AHMAD\DESKTOP\DESKTOP\3-15-12\KINETICA\RELEASE\KINETICA.PDB
C:\USERS\AHMAD\DESKTOP\DESKTOP\3-15-12\KINETICA\RELEASE\MAIN.OBJ
C:\USERS\AHMAD\DESKTOP\DESKTOP\3-15-12\KINETICA\RELEASE\VC100.PDB
C:\USERS\AHMAD\DESKTOP\KINETICA\RELEASE\KINETICA.EXE
C:\USERS\AHMAD\DESKTOP\KINETICA\RELEASE\KINETICA.EXE.INTERMEDIATE.MANIFEST
C:\USERS\AHMAD\DESKTOP\KINETICA\RELEASE\KINETICA.PDB
C:\USERS\AHMAD\DESKTOP\KINETICA\RELEASE\MAIN.OBJ
C:\USERS\AHMAD\DESKTOP\KINETICA\RELEASE\VC100.PDB
C:\Users\Dan\Desktop\Kinetica\Release\cl.command.1.tlog
C:\Users\Dan\Desktop\Kinetica\Release\CL.read.1.tlog
C:\Users\Dan\Desktop\Kinetica\Release\CL.write.1.tlog
C:\Users\Dan\Desktop\Kinetica\Release\Kinetica.exe
C:\Users\Dan\Desktop\Kinetica\Release\Kinetica.exe.intermediate.manifest
C:\Users\Dan\Desktop\Kinetica\Release\Kinetica.pdb
C:\Users\Dan\Desktop\Kinetica\Release\link.command.1.tlog
C:\Users\Dan\Desktop\Kinetica\Release\link.read.1.tlog
C:\Users\Dan\Desktop\Kinetica\Release\link.write.1.tlog
C:\Users\Dan\Desktop\Kinetica\Release\main.obj
C:\Users\Dan\Desktop\Kinetica\Release\mt.command.1.tlog
C:\Users\Dan\Desktop\Kinetica\Release\mt.read.1.tlog
C:\Users\Dan\Desktop\Kinetica\Release\mt.write.1.tlog
C:\Users\Dan\Desktop\Kinetica\Release\vc100.pdb
