Build started 29/06/2012 3:22:54 PM.
     1>Project "C:\Users\Dan\Documents\VR\Kinetica\TheKineticianEngin.vcxproj" on node 2 (Build target(s)).
     1>InitializeBuildStatus:
         Touching "Release\Kinetica.unsuccessfulbuild".
       ClCompile:
         All outputs are up-to-date.
       Link:
         C:\Program Files (x86)\Microsoft Visual Studio 11.0\VC\bin\link.exe /ERRORREPORT:PROMPT /OUT:"C:\Users\Dan\Documents\VR\Kinetica\Release\Kinetica.exe" /INCREMENTAL:NO /NOLOGO /LIBPATH:C:\Users\Dan\Documents\VR\Kinetica\source\lib /FORCE SDL.lib SDLmain.lib SDL_image.lib SDL_mixer.lib opengl32.lib glu32.lib kernel32.lib user32.lib gdi32.lib winspool.lib comdlg32.lib advapi32.lib shell32.lib ole32.lib oleaut32.lib uuid.lib odbc32.lib odbccp32.lib /MANIFEST /ManifestFile:"Release\Kinetica.exe.intermediate.manifest" /MANIFESTUAC:"level='asInvoker' uiAccess='false'" /DEBUG /PDB:"C:\Users\Dan\Documents\VR\Kinetica\Release\Kinetica.pdb" /SUBSYSTEM:WINDOWS /OPT:REF /OPT:ICF /LTCG /TLBID:1 /DYNAMICBASE /NXCOMPAT /IMPLIB:"C:\Users\Dan\Documents\VR\Kinetica\Release\Kinetica.lib" /MACHINE:X86 /SAFESEH Release\main.obj
     1>LIBCMT.lib(crt0init.obj) : warning LNK4098: defaultlib 'msvcrt.lib' conflicts with use of other libs; use /NODEFAULTLIB:library
         Generating code
         Finished generating code
     1>msvcrt.lib(ti_inst.obj) : warning LNK4006: "private: __thiscall type_info::type_info(class type_info const &)" (??0type_info@@AAE@ABV0@@Z) already defined in LIBCMT.lib(typinfo.obj); second definition ignored
     1>msvcrt.lib(ti_inst.obj) : warning LNK4006: "private: class type_info & __thiscall type_info::operator=(class type_info const &)" (??4type_info@@AAEAAV0@ABV0@@Z) already defined in LIBCMT.lib(typinfo.obj); second definition ignored
     1>msvcrt.lib(MSVCR110.dll) : warning LNK4006: _isspace already defined in LIBCMT.lib(_ctype.obj); second definition ignored
     1>msvcrt.lib(MSVCR110.dll) : warning LNK4006: ___iob_func already defined in LIBCMT.lib(_file.obj); second definition ignored
     1>msvcrt.lib(MSVCR110.dll) : warning LNK4006: _fopen already defined in LIBCMT.lib(fopen.obj); second definition ignored
     1>msvcrt.lib(MSVCR110.dll) : warning LNK4006: _fgetc already defined in LIBCMT.lib(fgetc.obj); second definition ignored
     1>msvcrt.lib(MSVCR110.dll) : warning LNK4006: _fclose already defined in LIBCMT.lib(fclose.obj); second definition ignored
     1>msvcrt.lib(MSVCR110.dll) : warning LNK4006: _setvbuf already defined in LIBCMT.lib(setvbuf.obj); second definition ignored
     1>msvcrt.lib(MSVCR110.dll) : warning LNK4006: _exit already defined in LIBCMT.lib(crt0dat.obj); second definition ignored
     1>msvcrt.lib(MSVCR110.dll) : warning LNK4006: _strrchr already defined in LIBCMT.lib(strrchr.obj); second definition ignored
     1>msvcrt.lib(MSVCR110.dll) : warning LNK4006: _atoi already defined in LIBCMT.lib(atox.obj); second definition ignored
     1>C:\Users\Dan\Documents\VR\Kinetica\Release\Kinetica.exe : warning LNK4088: image being generated due to /FORCE option; image may not run
     1>LINK : fatal error LNK1207: incompatible PDB format in 'C:\Users\Dan\Documents\VR\Kinetica\Release\Kinetica.pdb'; delete and rebuild
     1>Done Building Project "C:\Users\Dan\Documents\VR\Kinetica\TheKineticianEngin.vcxproj" (Build target(s)) -- FAILED.

Build FAILED.

Time Elapsed 00:00:02.84
